DEPRECATED: The legacy builder is deprecated and will be removed in a future release.
            Install the buildx component to build images with BuildKit:
            https://docs.docker.com/go/buildx/

Sending build context to Docker daemon  315.9kB
Step 1/15 : FROM ubuntu:24.04
 ---> 65ae7a6f3544
Step 2/15 : ENV DEBIAN_FRONTEND=noninteractive
 ---> Using cache
 ---> 556c4fa9592b
Step 3/15 : ENV PYTHONUNBUFFERED=1
 ---> Using cache
 ---> 4eeb87e94b8e
Step 4/15 : RUN apt-get update && apt-get install -y     python3     python3-pip     python3-venv     tcpdump     net-tools     curl     wget     iproute2     iptables     && rm -rf /var/lib/apt/lists/*
 ---> Using cache
 ---> 8187b71cf185
Step 5/15 : WORKDIR /app
 ---> Using cache
 ---> d92392a45dd4
Step 6/15 : COPY requirements.txt .
 ---> Using cache
 ---> 6fdde8dc655d
Step 7/15 : RUN pip3 install --no-cache-dir --break-system-packages -r requirements.txt
 ---> Using cache
 ---> 55ab37878857
Step 8/15 : COPY . .
 ---> Using cache
 ---> c8fd50a0303e
Step 9/15 : RUN mkdir -p /app/keys /app/logs /app/config
 ---> Using cache
 ---> 555aff9642cf
Step 10/15 : RUN setcap cap_net_raw,cap_net_admin=eip $(which python3) || true
 ---> Using cache
 ---> a028875147eb
Step 11/15 : RUN useradd -m -u 1001 wifimonitor &&     chown -R wifimonitor:wifimonitor /app
 ---> Running in 909c04f83923
 ---> Removed intermediate container 909c04f83923
 ---> 7bd929f36bf8
Step 12/15 : USER wifimonitor
 ---> Running in ffd031e1f41b
 ---> Removed intermediate container ffd031e1f41b
 ---> 3840f6f05a30
Step 13/15 : EXPOSE 5000
 ---> Running in acb54c7367f5
 ---> Removed intermediate container acb54c7367f5
 ---> 309a8e781b33
Step 14/15 : HEALTHCHECK --interval=30s --timeout=10s --start-period=5s --retries=3     CMD curl -f http://localhost:5000/api/health || exit 1
 ---> Running in 3fca1ba3b5bb
 ---> Removed intermediate container 3fca1ba3b5bb
 ---> e2d8e940dda0
Step 15/15 : CMD ["python3", "src/web_app.py"]
 ---> Running in 940da69871e8
 ---> Removed intermediate container 940da69871e8
 ---> af38ae2fac76
Successfully built af38ae2fac76
Successfully tagged wifi-monitor:test
